CachingBackend: Lade Instanzen aus dem Cache
Laufende Sitzung von Diskusage gefunden, füge neue Instanz durch den Dienst hinzu.
Fehler in screenlets.services.get_service_by_name: org.freedesktop.DBus.Error.ServiceUnknown: The name org.screenlets.Diskusage was not provided by any .service files
Screenlet has already been added to /tmp/screenlets/screenlets.loop.running
Lade Instanzen in: /home/loop/.config/Screenlets/Diskusage/default/
Keine Instanz(en) im Sitzungspfad gefunden, erstelle eine Neue.
/home/loop/.config/Screenlets/Diskusage/default/Diskusage1
LADE NEUES THEMA: default
GEFUNDEN: /usr/share/screenlets/Diskusage/themes/default
Screenlet has been initialized.
(1, 1, 1, 0.8)
0.8
(0, 0, 0, 0.1)
0.1
/home/loop/.screenlets/Diskusage/themes
Pfad /home/loop/.screenlets/Diskusage/themes nicht gefunden
/usr/share/screenlets/Diskusage/themes
aktives Thema ist: default
Geändert: scale
Geändert: scale
Geändert: scale
Geändert: scale
Geändert: scale
Geändert: opacity
Geändert: opacity
Geändert: opacity
Geändert: is_sticky
Geändert: is_widget
Geändert: lock_position
Geändert: keep_above
Geändert: keep_below
Geändert: keep_below
Geändert: keep_below
Geändert: draw_buttons
Geändert: resize_on_scroll
Geändert: allow_option_override
Geändert: ask_on_option_override
Geändert: font
Geändert: font_color
Geändert: background_color
Geändert: font_color
Geändert: background_color
Geändert: use_gtk
Geändert: use_gtk
Geändert: font_color
Geändert: use_gtk
Geändert: use_gtk
Geändert: use_gtk
Button release
(1.0, 0.8877851529716945, 0.0, 0.8)
0.8
(0.0, 0.26666666666666666, 0.0392156862745098, 0.6745098039215687)
0.674509803922
/home/loop/.screenlets/Diskusage/themes
Pfad /home/loop/.screenlets/Diskusage/themes nicht gefunden
/usr/share/screenlets/Diskusage/themes
aktives Thema ist: default
Geändert: x
Geändert: x
Geändert: x
Geändert: x
Geändert: x
Geändert: x
Geändert: y
Geändert: y
Geändert: opacity
Geändert: opacity
Geändert: opacity
Geändert: red_bar
Geändert: red_bar
Geändert: use_gtk
Geändert: use_gtk
Geändert: use_gtk
Button release
Button release
(1.0, 0.8877851529716945, 0.0, 0.8)
0.8
(0.0, 0.26666666666666666, 0.0392156862745098, 0.6745098039215687)
0.674509803922
/home/loop/.screenlets/Diskusage/themes
Pfad /home/loop/.screenlets/Diskusage/themes nicht gefunden
/usr/share/screenlets/Diskusage/themes
aktives Thema ist: default
Geändert: font_color
(1.0, 0.8877851529716945, 0.0, 1.0)
1.0
(0.0, 0.26666666666666666, 0.0392156862745098, 0.6745098039215687)
0.674509803922
/home/loop/.screenlets/Diskusage/themes
Pfad /home/loop/.screenlets/Diskusage/themes nicht gefunden
/usr/share/screenlets/Diskusage/themes
aktives Thema ist: default
Geändert: scale
Geändert: x
Geändert: x
Geändert: x
Geändert: x
Geändert: x
Geändert: x
Geändert: x
Geändert: x
Geändert: x
Geändert: x
Geändert: x
Geändert: x
Geändert: x
Geändert: x
Geändert: x
Geändert: x
Geändert: x
Geändert: x
Geändert: x
Geändert: x
Geändert: x
Geändert: x
Geändert: x
Geändert: x
Geändert: x
Geändert: x
Geändert: x
Geändert: x
Geändert: scale
Geändert: x
Geändert: x
Geändert: x
Geändert: x
Geändert: x
Geändert: x
Geändert: x
Geändert: x
Geändert: x
Geändert: x
Geändert: x
Geändert: x
Geändert: x
Geändert: x
Geändert: x
Geändert: x
Geändert: x
Geändert: y
Geändert: y
Geändert: y
Geändert: y
Geändert: y
